<?xml version="1.0" encoding="UTF-8"?>
<testsuite name="co.com.iris.certification.runners.irispay.IrisPayRunner" tests="0" skipped="0" failures="0" errors="0" timestamp="1970-01-01T00:00:00" hostname="PSOFKA01130" time="0.0">
  <properties/>
  <system-out><![CDATA[]]></system-out>
  <system-err><![CDATA[[Test worker] INFO io.cucumber.core.plugin.SerenityReporter - Running feature from file:///C:/Users/yulieth.osorio/Documents/Automation%20Iris/CL00002-AplicacionDigitalEmpresas-Auto-Front-Apps/src/test/resources/features/IrisPay.feature
[Test worker] INFO  - ?[96m

-------------------------------------------------------------------------------------
     _______. _______ .______       _______ .__   __.  __  .___________.____    ____ 
    /       ||   ____||   _  \     |   ____||  \ |  | |  | |           |\   \  /   / 
   |   (----`|  |__   |  |_)  |    |  |__   |   \|  | |  | `---|  |----` \   \/   /  
    \   \    |   __|  |      /     |   __|  |  . `  | |  |     |  |       \_    _/   
.----)   |   |  |____ |  |\  \----.|  |____ |  |\   | |  |     |  |         |  |     
|_______/    |_______|| _| `._____||_______||__| \__| |__|     |__|         |__|    
                                                                                     
 News and tutorials at http://www.serenity-bdd.info                                  
 Documentation at https://wakaleo.gitbooks.io/the-serenity-book/content/             
 Join the Serenity Community on Gitter: https://gitter.im/serenity-bdd/serenity-core 
 Serenity BDD Support and Training at http://serenity-bdd.info/#/trainingandsupport  
-------------------------------------------------------------------------------------
?[0m
[Test worker] INFO  - Test Suite Started: Manage billing, with irisPay
[Test worker] INFO io.cucumber.core.plugin.SerenityReporter - Running feature from file:///C:/Users/yulieth.osorio/Documents/Automation%20Iris/CL00002-AplicacionDigitalEmpresas-Auto-Front-Apps/src/test/resources/features/IrisPay.feature
[Test worker] INFO  - Test Suite Started: Manage billing, with irisPay
[pool-3-thread-2] INFO serenity.reporting - 
-------------------------------------------------------------------
| TEST NAME:   ?[1mSuccessfully create new billing link from an invoice?[0m
| RESULT:      ?[92mPassing?[0m
| REQUIREMENT: Manage billing, with irisPay
| REPORT:      ?[96mfile:///C:/Users/yulieth.osorio/Documents/Automation%20Iris/CL00002-AplicacionDigitalEmpresas-Auto-Front-Apps/target/site/serenity/18e3b7547caa368a86b157f22adaa34156f0222e6040d7b0e416e7615fa0e397.html?[0m
-------------------------------------------------------------------
[pool-3-thread-1] INFO serenity.reporting - 
---------------------------------------------------
| TEST NAME:   ?[1mSuccessfully create new billing link?[0m
| RESULT:      ?[92mPassing?[0m
| REQUIREMENT: Manage billing, with irisPay
| REPORT:      ?[96mfile:///C:/Users/yulieth.osorio/Documents/Automation%20Iris/CL00002-AplicacionDigitalEmpresas-Auto-Front-Apps/target/site/serenity/64dd8502607a9713b7ce8777abc05c3fbdcc977ed781e192cd08a53c2bbeb76f.html?[0m
---------------------------------------------------
?[32m?[1m??????????????????????????????????????????????????????????????????????????????????????[0m
?[32m?[1m??[0m Share your Cucumber Report with your team at ?[36m?[1m?[4mhttps://reports.cucumber.io?[0m          ?[32m?[1m??[0m
?[32m?[1m??[0m Activate publishing with one of the following:                                    ?[32m?[1m??[0m
?[32m?[1m??[0m                                                                                   ?[32m?[1m??[0m
?[32m?[1m??[0m src/test/resources/cucumber.properties:          ?[36mcucumber.publish.enabled?[0m=?[36mtrue?[0m    ?[32m?[1m??[0m
?[32m?[1m??[0m src/test/resources/junit-platform.properties:    ?[36mcucumber.publish.enabled?[0m=?[36mtrue?[0m    ?[32m?[1m??[0m
?[32m?[1m??[0m Environment variable:                            ?[36mCUCUMBER_PUBLISH_ENABLED?[0m=?[36mtrue?[0m    ?[32m?[1m??[0m
?[32m?[1m??[0m JUnit:                                           ?[36m@CucumberOptions?[0m(publish = ?[36mtrue?[0m) ?[32m?[1m??[0m
?[32m?[1m??[0m                                                                                   ?[32m?[1m??[0m
?[32m?[1m??[0m More information at ?[36mhttps://cucumber.io/docs/cucumber/environment-variables/?[0m      ?[32m?[1m??[0m
?[32m?[1m??[0m                                                                                   ?[32m?[1m??[0m
?[32m?[1m??[0m Disable this message with one of the following:                                   ?[32m?[1m??[0m
?[32m?[1m??[0m                                                                                   ?[32m?[1m??[0m
?[32m?[1m??[0m src/test/resources/cucumber.properties:          ?[36mcucumber.publish.quiet?[0m=?[36mtrue?[0m      ?[32m?[1m??[0m
?[32m?[1m??[0m src/test/resources/junit-platform.properties:    ?[36mcucumber.publish.quiet?[0m=?[36mtrue?[0m      ?[32m?[1m??[0m
?[32m?[1m??????????????????????????????????????????????????????????????????????????????????????[0m
]]></system-err>
</testsuite>
